2023-07-08 14:52:34.977 INFO
PassCore: Path:D:\projects\PaaSZZJ\dll\netcoreapp3.1\

2023-07-08 14:52:34.980 INFO
PassCore: V20220517操作系统平台:Windows

2023-07-08 14:52:34.985 INFO
PassCore: 总计物理内存大小:0,可用物理内存大小:0,交换空间总内存:0,交换空间空闲内存:0 使用率:0

2023-07-08 14:52:35.086 INFO
PassCore: IP:171.16.100.199172.24.0.1192.168.1.151172.30.128.1

2023-07-08 14:52:40.467 INFO
SLBStarterSLBStart: 系统中没有此SLB参数，请检查配置文件中[SLBID]设置 ...

2023-07-08 15:33:35.018 INFO
PassCore: Path:D:\projects\PaaSZZJ\dll\netcoreapp3.1\

2023-07-08 15:33:35.020 INFO
PassCore: V20220517操作系统平台:Windows

2023-07-08 15:33:35.033 INFO
PassCore: 总计物理内存大小:0,可用物理内存大小:0,交换空间总内存:0,交换空间空闲内存:0 使用率:0

2023-07-08 15:33:35.571 INFO
PassCore: IP:171.16.100.199172.24.0.1192.168.1.151172.30.128.1

2023-07-08 16:22:14.085 INFO
PassCore: Path:D:\projects\PaaSZZJ\dll\netcoreapp3.1\

2023-07-08 16:22:14.088 INFO
PassCore: V20220517操作系统平台:Windows

2023-07-08 16:22:14.094 INFO
PassCore: 总计物理内存大小:0,可用物理内存大小:0,交换空间总内存:0,交换空间空闲内存:0 使用率:0

2023-07-08 16:22:14.200 INFO
PassCore: IP:171.16.100.199172.24.0.1192.168.1.151172.30.128.1

