2023-08-31 16:12:22.933 Heren
2001-QHZZJ「请求」:
 {"yeWuLX":"2001","hospitalId":"320282466455146","keShiDM":"A0403x101","shiFouCXXL":"0","menZhenLX":"0"}

2023-08-31 16:12:23.463 Heren
2001-QHZZJ「响应」:
 成功，报文省略

2023-08-31 16:12:32.471 Heren
2001-QHZZJ「请求」:
 {"yeWuLX":"2001","hospitalId":"320282466455146","keShiDM":"A0403x101","shiFouCXXL":"0","menZhenLX":"0"}

2023-08-31 16:12:32.962 Heren
2001-QHZZJ「响应」:
 成功，报文省略

2023-08-31 16:12:51.566 Heren
2001-QHZZJ「请求」:
 {"yeWuLX":"2001","hospitalId":"320282466455146","keShiDM":"A0403x101","shiFouCXXL":"0","menZhenLX":"0"}

2023-08-31 16:16:48.709 Heren
2001-QHZZJ「请求」:
 {"yeWuLX":"2001","hospitalId":"320282466455146","keShiDM":"A0403x101","shiFouCXXL":"0","menZhenLX":"0"}

2023-08-31 16:16:49.220 Heren
2001-QHZZJ「响应」:
 成功，报文省略

