2023-07-13 10:34:53.147 Heren
2025-QHZZJ「请求」:
 {"bingRenXM":"强芬","jiuZhenSJ":"","dianHua":"18761565585","keShiMC":"","yiShengDM":"617","hospitalId":"320282466455146","keShiDM":"20221026000000000011","guaHaoBC":"2","yeWuLX":"2025","guaHaoLB":"","bingRenID":null,"yiZhouPBID":"","shouJiHao":"18761565585","dangTianPBID":"","jiuZhenRQ":"2023-07-13","duKaFS":"5","yiBaoXX":"{\"data\":{\"extra\":null,\"idNo\":\"320223197609077967\",\"idType\":\"01\",\"ecToken\":\"320000ec56e1fjv91i82223a0a0000931e00d4\",\"insuOrg\":\"320282\",\"userName\":\"强芬\",\"ecIndexNo\":\"05E09466E8EB3F539D6EDCBA8CD22865\",\"gender\":null,\"birthday\":null,\"nationality\":null,\"email\":null},\"code\":0,\"message\":\"交易成功\"}","guaHaoXH":null,"zhengJianHM":"320223197609077967","bingRenLX":"2","yiBaoData":"320000ec56e1fjv91i82223a0a0000931e00d4","yiShengXM":"","caoZuoRId":"NSH015","yuGuaHaoId":"A:2023071300000009","guoBiaoKSDM":"","yeWuLY":"2","jiuZhenKa":"","yiBaoKa":"32028200000000001001017237"}

2023-07-13 10:34:54.657 Heren
2025-QHZZJ「响应」:
 {"code":-1,"msg":"{\"resultCode\":\"503\",\"descMessage\":\"该加号已取!\",\"result\":null}"}

2023-07-13 11:14:09.400 Heren
1001-QHZZJ「请求」:
 {"zhengJianHM":"320223195502124410","yeWuLX":"1001","hospitalId":"320282466455146","yiBaoBH":"32028200000000001000567824","yiBaoData":"gFDJ7hwl0cvgYQQlxf60lGGNqzfQdVSx6ucamAK1fQ1N8Im99DyvhE4+jVDfnmuKh3ONeNpOnpBKXfuzUaGoddpRhzZdAb8z70sX0Ff/GT8rbkaBS9NUK5mOTm0HDJZHkMSmtsUgYEkGhIgOO8MbuUDp1W1wGy1Xwt/ekK/JCTnoaGREHygLxp00nG3Z372w9TQiLbe9Rs7Vi8kQSHJOiqkVSE8igbMd01BKwrwHt9paBsriP1Up2wGuIxGnt6WGuTBpEHgb2DyFwl+e2zRerfsohD8bY+WhXB0U/X71sMrftx+DGyp9XwWsPJv6UgMd","duKaFS":"1","jiuZhenKH":"","yiBaoXX":"320200|320223195502124410|194358210|320200D156000005AD95585F34EC5597|吴国良|0081544C9786843202AD95585F|3.00|20230208|20330208|320200909168|00010100202207001085|JSB042063333|6230661635023590342|","shouJiHao":""}

2023-07-13 11:14:10.698 Heren
1001-QHZZJ「响应」:
 {"code":1,"data":[{"bingRenLX":"宜兴医保","bingRenXM":"吴国良","caoZuoRID":"","caoZuoRXM":"","chuShengDi":"江苏省无锡市宜兴市环科园丝绸花园12-403室","chuShengRQ":"1955-02-12 00:00:00","chuanRanBingMS":"","chuangJianSJ":"2022-02-22 00:00:00","dianZiSBK":"","hunYinZT":"","jiGuan":"","jiaTingDZ":"","jianDangId":"01017259","jianKangKID":"","jianKangXW":"","laiYuan":"","lianXiRenDH":"","lianXiRenDZ":"","lianXiRenSJ":"","lianXiRenXM":"","manXingBingMS":"","minZuMC":"","shenGao":"","shouJiHao":13338101928,"tiZhong":"","touXiang":"","xingBie":1,"xueLi":"","xueXing":"","yiBaoKLX":"","yiBaoKa":"","youWuCRB":"","youWuMXB":"","zaiZhiZT":"","zhengJianHM":320223195502124410,"zhengJianLX":"","zhengZhiMMBM":"","zhengZhiMMMC":"","zhiYe":""}],"msg":"成功"}

2023-07-13 11:14:11.763 Heren
1001-QHZZJ「请求」:
 {"zhengJianHM":"320223195502124410","yeWuLX":"1001","hospitalId":"320282466455146","yiBaoBH":"32028200000000001000567824","yiBaoData":"gFDJ7hwl0cvgYQQlxf60lGGNqzfQdVSx6ucamAK1fQ1N8Im99DyvhE4+jVDfnmuKh3ONeNpOnpBKXfuzUaGoddpRhzZdAb8z70sX0Ff/GT8rbkaBS9NUK5mOTm0HDJZHkMSmtsUgYEkGhIgOO8MbuUDp1W1wGy1Xwt/ekK/JCTnoaGREHygLxp00nG3Z372w9TQiLbe9Rs7Vi8kQSHJOiqkVSE8igbMd01BKwrwHt9paBsriP1Up2wGuIxGnt6WGuTBpEHgb2DyFwl+e2zRerfsohD8bY+WhXB0U/X71sMrftx+DGyp9XwWsPJv6UgMd","duKaFS":"1","jiuZhenKH":"","yiBaoXX":"320200|320223195502124410|194358210|320200D156000005AD95585F34EC5597|吴国良|0081544C9786843202AD95585F|3.00|20230208|20330208|320200909168|00010100202207001085|JSB042063333|6230661635023590342|","shouJiHao":""}

2023-07-13 11:14:12.791 Heren
1001-QHZZJ「响应」:
 {"code":1,"data":[{"bingRenLX":"宜兴医保","bingRenXM":"吴国良","caoZuoRID":"","caoZuoRXM":"","chuShengDi":"江苏省无锡市宜兴市环科园丝绸花园12-403室","chuShengRQ":"1955-02-12 00:00:00","chuanRanBingMS":"","chuangJianSJ":"2022-02-22 00:00:00","dianZiSBK":"","hunYinZT":"","jiGuan":"","jiaTingDZ":"","jianDangId":"01017259","jianKangKID":"","jianKangXW":"","laiYuan":"","lianXiRenDH":"","lianXiRenDZ":"","lianXiRenSJ":"","lianXiRenXM":"","manXingBingMS":"","minZuMC":"","shenGao":"","shouJiHao":13338101928,"tiZhong":"","touXiang":"","xingBie":1,"xueLi":"","xueXing":"","yiBaoKLX":"","yiBaoKa":"","youWuCRB":"","youWuMXB":"","zaiZhiZT":"","zhengJianHM":320223195502124410,"zhengJianLX":"","zhengZhiMMBM":"","zhengZhiMMMC":"","zhiYe":""}],"msg":"成功"}

2023-07-13 11:14:51.877 Heren
1001-QHZZJ「请求」:
 {"zhengJianHM":"320223195502124410","yeWuLX":"1001","hospitalId":"320282466455146","yiBaoBH":"32028200000000001000567824","yiBaoData":"gFDJ7hwl0cvgYQQlxf60lGGNqzfQdVSx6ucamAK1fQ1N8Im99DyvhE4+jVDfnmuKh3ONeNpOnpBKXfuzUaGoddpRhzZdAb8z70sX0Ff/GT8rbkaBS9NUK5mOTm0HDJZHkMSmtsUgYEkGhIgOO8MbuUDp1W1wGy1Xwt/ekK/JCTnoaGREHygLxp00nG3Z372w9TQiLbe9Rs7Vi8kQSHJOiqkVSE8igbMd01BKwrwHt9paBsriP1Up2wGuIxGnt6WGuTBpEHgb2DyFwl+e2zRerfsohD8bY+WhXB0U/X71sMrftx+DGyp9XwWsPJv6UgMd","duKaFS":"1","jiuZhenKH":"","yiBaoXX":"320200|320223195502124410|194358210|320200D156000005AD95585F34EC5597|吴国良|0081544C9786843202AD95585F|3.00|20230208|20330208|320200909168|00010100202207001085|JSB042063333|6230661635023590342|","shouJiHao":""}

2023-07-13 11:14:53.606 Heren
1001-QHZZJ「响应」:
 {"code":1,"data":[{"bingRenLX":"宜兴医保","bingRenXM":"吴国良","caoZuoRID":"","caoZuoRXM":"","chuShengDi":"江苏省无锡市宜兴市环科园丝绸花园12-403室","chuShengRQ":"1955-02-12 00:00:00","chuanRanBingMS":"","chuangJianSJ":"2022-02-22 00:00:00","dianZiSBK":"","hunYinZT":"","jiGuan":"","jiaTingDZ":"","jianDangId":"01017259","jianKangKID":"","jianKangXW":"","laiYuan":"","lianXiRenDH":"","lianXiRenDZ":"","lianXiRenSJ":"","lianXiRenXM":"","manXingBingMS":"","minZuMC":"","shenGao":"","shouJiHao":13338101928,"tiZhong":"","touXiang":"","xingBie":1,"xueLi":"","xueXing":"","yiBaoKLX":"","yiBaoKa":"","youWuCRB":"","youWuMXB":"","zaiZhiZT":"","zhengJianHM":320223195502124410,"zhengJianLX":"","zhengZhiMMBM":"","zhengZhiMMMC":"","zhiYe":""}],"msg":"成功"}

